Running anchor build at Fri Nov  7 18:12:48 +03 2025
[2025-11-07T15:13:00.351116325Z ERROR cargo_build_sbf::toolchain] Failed to install platform-tools: Unable to write "/home/docsonic47/.cache/solana/v1.51/platform-tools/tmp-platform-tools-linux-x86_64.tar.bz2": Custom { kind: Other, error: reqwest::Error { kind: Body, source: hyper::Error(Body, Custom { kind: Other, error: Error { code: ErrorCode(1), cause: Some(Ssl(ErrorStack([Error { code: 167772441, library: "SSL routines", function: "tls_get_more_records", reason: "decryption failed or bad record mac", file: "ssl/record/methods/tls_common.c", line: 866 }, Error { code: 167772473, library: "SSL routines", function: "", reason: "record layer failure", file: "ssl/record/rec_layer_s3.c", line: 687 }]))) } }) } }
     It looks like the download has failed. If this is a persistent issue, try `cargo-build-sbf --install-only` to download from an alternative source.
Running anchor build at Fri Nov  7 18:13:10 +03 2025
[2025-11-07T15:13:19.800953094Z ERROR cargo_build_sbf::toolchain] Failed to install platform-tools: Unable to write "/home/docsonic47/.cache/solana/v1.51/platform-tools/tmp-platform-tools-linux-x86_64.tar.bz2": Custom { kind: Other, error: reqwest::Error { kind: Body, source: hyper::Error(Body, Custom { kind: Other, error: Error { code: ErrorCode(1), cause: Some(Ssl(ErrorStack([Error { code: 167772441, library: "SSL routines", function: "tls_get_more_records", reason: "decryption failed or bad record mac", file: "ssl/record/methods/tls_common.c", line: 866 }, Error { code: 167772473, library: "SSL routines", function: "", reason: "record layer failure", file: "ssl/record/rec_layer_s3.c", line: 687 }]))) } }) } }
     It looks like the download has failed. If this is a persistent issue, try `cargo-build-sbf --install-only` to download from an alternative source.
Running anchor build at Fri Nov  7 18:13:29 +03 2025
[2025-11-07T15:13:58.911202750Z ERROR cargo_build_sbf::toolchain] Failed to install platform-tools: error sending request for url (https://github.com/anza-xyz/platform-tools/releases/download/v1.51/platform-tools-linux-x86_64.tar.bz2): operation timed out
     It looks like the download has failed. If this is a persistent issue, try `cargo-build-sbf --install-only` to download from an alternative source.
Running anchor build at Fri Nov  7 18:14:08 +03 2025
[2025-11-07T15:14:26.162713905Z ERROR cargo_build_sbf::toolchain] Failed to install platform-tools: Unable to write "/home/docsonic47/.cache/solana/v1.51/platform-tools/tmp-platform-tools-linux-x86_64.tar.bz2": Custom { kind: Other, error: reqwest::Error { kind: Body, source: hyper::Error(Body, Custom { kind: Other, error: Error { code: ErrorCode(1), cause: Some(Ssl(ErrorStack([Error { code: 167772441, library: "SSL routines", function: "tls_get_more_records", reason: "decryption failed or bad record mac", file: "ssl/record/methods/tls_common.c", line: 866 }, Error { code: 167772473, library: "SSL routines", function: "", reason: "record layer failure", file: "ssl/record/rec_layer_s3.c", line: 687 }]))) } }) } }
     It looks like the download has failed. If this is a persistent issue, try `cargo-build-sbf --install-only` to download from an alternative source.
Running anchor build at Fri Nov  7 18:14:36 +03 2025
[2025-11-07T15:15:17.591570142Z ERROR cargo_build_sbf::toolchain] Failed to install platform-tools: Unable to write "/home/docsonic47/.cache/solana/v1.51/platform-tools/tmp-platform-tools-linux-x86_64.tar.bz2": Custom { kind: Other, error: reqwest::Error { kind: Decode, source: TimedOut } }
     It looks like the download has failed. If this is a persistent issue, try `cargo-build-sbf --install-only` to download from an alternative source.
Running anchor build at Fri Nov  7 18:15:26 +03 2025
[2025-11-07T15:15:48.160307235Z ERROR cargo_build_sbf::toolchain] Failed to install platform-tools: Unable to write "/home/docsonic47/.cache/solana/v1.51/platform-tools/tmp-platform-tools-linux-x86_64.tar.bz2": Custom { kind: Other, error: reqwest::Error { kind: Body, source: hyper::Error(Body, Custom { kind: Other, error: Error { code: ErrorCode(1), cause: Some(Ssl(ErrorStack([Error { code: 167772441, library: "SSL routines", function: "tls_get_more_records", reason: "decryption failed or bad record mac", file: "ssl/record/methods/tls_common.c", line: 866 }, Error { code: 167772473, library: "SSL routines", function: "", reason: "record layer failure", file: "ssl/record/rec_layer_s3.c", line: 687 }]))) } }) } }
     It looks like the download has failed. If this is a persistent issue, try `cargo-build-sbf --install-only` to download from an alternative source.
Running anchor build at Fri Nov  7 18:15:57 +03 2025
[2025-11-07T15:16:06.404854505Z ERROR cargo_build_sbf::toolchain] Failed to install platform-tools: Unable to write "/home/docsonic47/.cache/solana/v1.51/platform-tools/tmp-platform-tools-linux-x86_64.tar.bz2": Custom { kind: Other, error: reqwest::Error { kind: Body, source: hyper::Error(Body, Custom { kind: Other, error: Error { code: ErrorCode(1), cause: Some(Ssl(ErrorStack([Error { code: 167772441, library: "SSL routines", function: "tls_get_more_records", reason: "decryption failed or bad record mac", file: "ssl/record/methods/tls_common.c", line: 866 }, Error { code: 167772473, library: "SSL routines", function: "", reason: "record layer failure", file: "ssl/record/rec_layer_s3.c", line: 687 }]))) } }) } }
     It looks like the download has failed. If this is a persistent issue, try `cargo-build-sbf --install-only` to download from an alternative source.
Running anchor build at Fri Nov  7 18:16:16 +03 2025
[2025-11-07T15:16:26.216346501Z ERROR cargo_build_sbf::toolchain] Failed to install platform-tools: Unable to write "/home/docsonic47/.cache/solana/v1.51/platform-tools/tmp-platform-tools-linux-x86_64.tar.bz2": Custom { kind: Other, error: reqwest::Error { kind: Body, source: hyper::Error(Body, Custom { kind: Other, error: Error { code: ErrorCode(1), cause: Some(Ssl(ErrorStack([Error { code: 167772441, library: "SSL routines", function: "tls_get_more_records", reason: "decryption failed or bad record mac", file: "ssl/record/methods/tls_common.c", line: 866 }, Error { code: 167772473, library: "SSL routines", function: "", reason: "record layer failure", file: "ssl/record/rec_layer_s3.c", line: 687 }]))) } }) } }
     It looks like the download has failed. If this is a persistent issue, try `cargo-build-sbf --install-only` to download from an alternative source.
Running anchor build at Fri Nov  7 18:16:36 +03 2025
[2025-11-07T15:17:22.424504496Z ERROR cargo_build_sbf::toolchain] Failed to install platform-tools: Unable to write "/home/docsonic47/.cache/solana/v1.51/platform-tools/tmp-platform-tools-linux-x86_64.tar.bz2": Custom { kind: Other, error: reqwest::Error { kind: Decode, source: TimedOut } }
     It looks like the download has failed. If this is a persistent issue, try `cargo-build-sbf --install-only` to download from an alternative source.
Running anchor build at Fri Nov  7 18:17:31 +03 2025
[2025-11-07T15:17:43.452909261Z ERROR cargo_build_sbf::toolchain] Failed to install platform-tools: Unable to write "/home/docsonic47/.cache/solana/v1.51/platform-tools/tmp-platform-tools-linux-x86_64.tar.bz2": Custom { kind: Other, error: reqwest::Error { kind: Body, source: hyper::Error(Body, Custom { kind: Other, error: Error { code: ErrorCode(1), cause: Some(Ssl(ErrorStack([Error { code: 167772441, library: "SSL routines", function: "tls_get_more_records", reason: "decryption failed or bad record mac", file: "ssl/record/methods/tls_common.c", line: 866 }, Error { code: 167772473, library: "SSL routines", function: "", reason: "record layer failure", file: "ssl/record/rec_layer_s3.c", line: 687 }]))) } }) } }
     It looks like the download has failed. If this is a persistent issue, try `cargo-build-sbf --install-only` to download from an alternative source.
Running anchor build at Fri Nov  7 18:17:53 +03 2025
[2025-11-07T15:18:22.526757559Z ERROR cargo_build_sbf::toolchain] Failed to install platform-tools: error sending request for url (https://github.com/anza-xyz/platform-tools/releases/download/v1.51/platform-tools-linux-x86_64.tar.bz2): operation timed out
     It looks like the download has failed. If this is a persistent issue, try `cargo-build-sbf --install-only` to download from an alternative source.
Running anchor build at Fri Nov  7 18:18:31 +03 2025
[2025-11-07T15:18:41.930692372Z ERROR cargo_build_sbf::toolchain] Failed to install platform-tools: Unable to write "/home/docsonic47/.cache/solana/v1.51/platform-tools/tmp-platform-tools-linux-x86_64.tar.bz2": Custom { kind: Other, error: reqwest::Error { kind: Body, source: hyper::Error(Body, Custom { kind: Other, error: Error { code: ErrorCode(1), cause: Some(Ssl(ErrorStack([Error { code: 167772441, library: "SSL routines", function: "tls_get_more_records", reason: "decryption failed or bad record mac", file: "ssl/record/methods/tls_common.c", line: 866 }, Error { code: 167772473, library: "SSL routines", function: "", reason: "record layer failure", file: "ssl/record/rec_layer_s3.c", line: 687 }]))) } }) } }
     It looks like the download has failed. If this is a persistent issue, try `cargo-build-sbf --install-only` to download from an alternative source.
Running anchor build at Fri Nov  7 18:18:51 +03 2025
[2025-11-07T15:19:05.455105756Z ERROR cargo_build_sbf::toolchain] Failed to install platform-tools: error sending request for url (https://github.com/anza-xyz/platform-tools/releases/download/v1.51/platform-tools-linux-x86_64.tar.bz2): error trying to connect: dns error: failed to lookup address information: Temporary failure in name resolution
     It looks like the download has failed. If this is a persistent issue, try `cargo-build-sbf --install-only` to download from an alternative source.
Running anchor build at Fri Nov  7 18:19:15 +03 2025
[2025-11-07T15:19:40.517246619Z ERROR cargo_build_sbf::toolchain] Failed to install platform-tools: Unable to write "/home/docsonic47/.cache/solana/v1.51/platform-tools/tmp-platform-tools-linux-x86_64.tar.bz2": Custom { kind: Other, error: reqwest::Error { kind: Body, source: hyper::Error(Body, Custom { kind: Other, error: Error { code: ErrorCode(1), cause: Some(Ssl(ErrorStack([Error { code: 167772441, library: "SSL routines", function: "tls_get_more_records", reason: "decryption failed or bad record mac", file: "ssl/record/methods/tls_common.c", line: 866 }, Error { code: 167772473, library: "SSL routines", function: "", reason: "record layer failure", file: "ssl/record/rec_layer_s3.c", line: 687 }]))) } }) } }
     It looks like the download has failed. If this is a persistent issue, try `cargo-build-sbf --install-only` to download from an alternative source.
Running anchor build at Fri Nov  7 18:19:50 +03 2025
[2025-11-07T15:20:19.677980494Z ERROR cargo_build_sbf::toolchain] Failed to install platform-tools: error sending request for url (https://github.com/anza-xyz/platform-tools/releases/download/v1.51/platform-tools-linux-x86_64.tar.bz2): operation timed out
     It looks like the download has failed. If this is a persistent issue, try `cargo-build-sbf --install-only` to download from an alternative source.
Running anchor build at Fri Nov  7 18:20:29 +03 2025
[2025-11-07T15:20:38.529222839Z ERROR cargo_build_sbf::toolchain] Failed to install platform-tools: Unable to write "/home/docsonic47/.cache/solana/v1.51/platform-tools/tmp-platform-tools-linux-x86_64.tar.bz2": Custom { kind: Other, error: reqwest::Error { kind: Body, source: hyper::Error(Body, Custom { kind: Other, error: Error { code: ErrorCode(1), cause: Some(Ssl(ErrorStack([Error { code: 167772441, library: "SSL routines", function: "tls_get_more_records", reason: "decryption failed or bad record mac", file: "ssl/record/methods/tls_common.c", line: 866 }, Error { code: 167772473, library: "SSL routines", function: "", reason: "record layer failure", file: "ssl/record/rec_layer_s3.c", line: 687 }]))) } }) } }
     It looks like the download has failed. If this is a persistent issue, try `cargo-build-sbf --install-only` to download from an alternative source.
Running anchor build at Fri Nov  7 18:20:48 +03 2025
